2016-11-27 23:29:40 : Start game
2016-11-27 23:31:10 : Start game
2016-11-27 23:31:10 : Close ads
2016-11-27 23:31:12 : Idle off
2016-11-27 23:31:13 : Go Challenger
2016-11-27 23:31:14 : Go garena
2016-11-27 23:31:15 : Enter Duel
2016-11-28 01:37:28 :  play to end gem --- Duel 
2016-11-28 01:37:48 : Start game
2016-11-28 01:39:18 : Start game
2016-11-28 01:39:19 : Close ads
2016-11-28 01:39:20 : Idle off
2016-11-28 01:39:21 : Go Challenger
2016-11-28 01:39:22 : Go Sanctuaries
2016-11-28 01:39:23 : Go Sanctuaries Of Light
2016-11-28 01:44:25 : Go Sanctuaries ---- Finish
2016-11-28 01:44:45 : Start game
2016-11-28 01:46:15 : Start game
2016-11-28 01:46:15 : Close ads
2016-11-28 01:46:16 : Idle off
2016-11-28 01:46:17 : Go Challenger
2016-11-28 01:46:18 : Go garena
2016-11-28 01:46:19 : Enter Duel
2016-11-28 01:52:38 : Finish Duel ---------------
2016-11-28 01:52:58 : Start game
2016-11-28 01:54:28 : Start game
2016-11-28 01:54:29 : Close ads
2016-11-28 01:54:30 : Idle off
2016-11-28 01:54:50 : Start game
2016-11-28 01:56:20 : Start game
2016-11-28 01:56:21 : Close ads
2016-11-28 01:56:22 : Idle off
2016-11-28 01:56:23 : Go Challenger
2016-11-28 01:56:24 : Go garena
2016-11-28 01:56:25 : Enter Brawl
2016-11-28 02:21:35 : Finish Brawl
2016-11-28 02:21:55 : Start game
2016-11-28 02:23:25 : Start game
2016-11-28 02:23:25 : Close ads
2016-11-28 02:23:26 : Idle off
2016-11-28 02:23:27 : Go Challenger
2016-11-28 02:23:28 : Go garena
2016-11-28 02:23:29 : Enter Duel
2016-11-28 02:29:49 : Finish Duel ---------------
2016-11-28 02:30:09 : Start game
2016-11-28 02:31:39 : Start game
2016-11-28 02:31:40 : Close ads
2016-11-28 02:31:41 : Idle off
2016-11-28 02:32:01 : Start game
2016-11-28 02:33:31 : Start game
2016-11-28 02:33:31 : Close ads
2016-11-28 02:33:32 : Idle off
2016-11-28 02:33:33 : Go Challenger
2016-11-28 02:33:34 : Go garena
2016-11-28 02:33:35 : Enter Brawl
2016-11-28 02:58:52 : Finish Brawl
2016-11-28 02:59:12 : Start game
2016-11-28 03:00:42 : Start game
2016-11-28 03:00:42 : Close ads
2016-11-28 03:00:43 : Idle off
2016-11-28 03:00:44 : Go Challenger
2016-11-28 03:00:45 : Go garena
2016-11-28 03:00:46 : Enter Duel
2016-11-28 03:07:04 : Finish Duel ---------------
2016-11-28 03:07:24 : Start game
2016-11-28 03:08:54 : Start game
2016-11-28 03:08:55 : Close ads
2016-11-28 03:08:56 : Idle off
2016-11-28 03:09:16 : Start game
2016-11-28 03:10:46 : Start game
2016-11-28 03:10:46 : Close ads
2016-11-28 03:10:47 : Idle off
2016-11-28 03:10:48 : Go Challenger
2016-11-28 03:10:49 : Go garena
2016-11-28 03:10:50 : Enter Brawl
2016-11-28 03:36:01 : Finish Brawl
2016-11-28 03:36:21 : Start game
2016-11-28 03:37:51 : Start game
2016-11-28 03:37:52 : Close ads
2016-11-28 03:37:53 : Idle off
2016-11-28 03:37:54 : Go Challenger
2016-11-28 03:37:55 : Go garena
2016-11-28 03:37:56 : Enter Duel
2016-11-28 03:44:14 : Finish Duel ---------------
2016-11-28 03:44:34 : Start game
2016-11-28 03:46:04 : Start game
2016-11-28 03:46:05 : Close ads
2016-11-28 03:46:06 : Idle off
2016-11-28 03:46:26 : Start game
2016-11-28 03:47:56 : Start game
2016-11-28 03:47:56 : Close ads
2016-11-28 03:47:57 : Idle off
2016-11-28 03:47:58 : Go Challenger
2016-11-28 03:47:59 : Go garena
2016-11-28 03:48:00 : Enter Brawl
2016-11-28 04:13:10 : Finish Brawl
2016-11-28 04:13:30 : Start game
2016-11-28 04:15:00 : Start game
2016-11-28 04:15:01 : Close ads
2016-11-28 04:15:02 : Idle off
2016-11-28 04:15:03 : Go Challenger
2016-11-28 04:15:04 : Go garena
2016-11-28 04:15:05 : Enter Duel
2016-11-28 04:21:23 : Finish Duel ---------------
2016-11-28 04:21:43 : Start game
2016-11-28 04:23:13 : Start game
2016-11-28 04:23:14 : Close ads
2016-11-28 04:23:15 : Idle off
2016-11-28 04:23:35 : Start game
2016-11-28 04:25:05 : Start game
2016-11-28 04:25:05 : Close ads
2016-11-28 04:25:06 : Idle off
2016-11-28 04:25:07 : Go Challenger
2016-11-28 04:25:08 : Go garena
2016-11-28 04:25:09 : Enter Brawl
2016-11-28 04:50:19 : Finish Brawl
2016-11-28 04:50:39 : Start game
2016-11-28 04:52:09 : Start game
2016-11-28 04:52:09 : Close ads
2016-11-28 04:52:10 : Idle off
2016-11-28 04:52:12 : Go Challenger
2016-11-28 04:52:13 : Go garena
2016-11-28 04:52:14 : Enter Duel
2016-11-28 04:58:34 : Finish Duel ---------------
2016-11-28 04:58:54 : Start game
2016-11-28 05:00:24 : Start game
2016-11-28 05:00:24 : Close ads
2016-11-28 05:00:25 : Idle off
2016-11-28 05:00:45 : Start game
2016-11-28 05:02:15 : Start game
2016-11-28 05:02:16 : Close ads
2016-11-28 05:02:17 : Idle off
2016-11-28 05:02:18 : Go Challenger
2016-11-28 05:02:19 : Go garena
2016-11-28 05:02:20 : Enter Brawl
2016-11-28 05:27:30 : Finish Brawl
2016-11-28 05:27:50 : Start game
2016-11-28 05:29:20 : Start game
2016-11-28 05:29:21 : Close ads
2016-11-28 05:29:22 : Idle off
2016-11-28 05:29:23 : Go Challenger
2016-11-28 05:29:24 : Go garena
2016-11-28 05:29:25 : Enter Duel
2016-11-28 05:35:43 : Finish Duel ---------------
2016-11-28 05:36:03 : Start game
2016-11-28 05:37:33 : Start game
2016-11-28 05:37:34 : Close ads
2016-11-28 05:37:35 : Idle off
2016-11-28 05:37:55 : Start game
2016-11-28 05:39:25 : Start game
2016-11-28 05:39:25 : Close ads
2016-11-28 05:39:26 : Idle off
2016-11-28 05:39:27 : Go Challenger
2016-11-28 05:39:28 : Go garena
2016-11-28 05:39:29 : Enter Brawl
2016-11-28 06:04:39 : Finish Brawl
2016-11-28 06:04:59 : Start game
2016-11-28 06:06:29 : Start game
2016-11-28 06:06:29 : Close ads
2016-11-28 06:06:30 : Idle off
2016-11-28 06:06:31 : Go Challenger
2016-11-28 06:06:32 : Go garena
2016-11-28 06:06:33 : Enter Duel
2016-11-28 06:12:52 : Finish Duel ---------------
2016-11-28 06:13:12 : Start game
2016-11-28 06:14:42 : Start game
2016-11-28 06:14:43 : Close ads
2016-11-28 06:14:44 : Idle off
2016-11-28 06:15:04 : Start game
2016-11-28 06:16:34 : Start game
2016-11-28 06:16:34 : Close ads
2016-11-28 06:16:35 : Idle off
2016-11-28 06:16:36 : Go Challenger
2016-11-28 06:16:37 : Go garena
2016-11-28 06:16:38 : Enter Brawl
2016-11-28 06:41:48 : Finish Brawl
2016-11-28 06:42:08 : Start game
2016-11-28 06:43:38 : Start game
2016-11-28 06:43:38 : Close ads
2016-11-28 06:43:39 : Idle off
2016-11-28 06:43:40 : Go Challenger
2016-11-28 06:43:41 : Go garena
2016-11-28 06:43:42 : Enter Duel
2016-11-28 06:50:03 : Finish Duel ---------------
2016-11-28 06:50:23 : Start game
2016-11-28 06:51:53 : Start game
2016-11-28 06:51:53 : Close ads
2016-11-28 06:51:54 : Idle off
2016-11-28 06:52:14 : Start game
2016-11-28 06:53:44 : Start game
2016-11-28 06:53:45 : Close ads
2016-11-28 06:53:46 : Idle off
2016-11-28 06:53:47 : Go Challenger
2016-11-28 06:53:48 : Go garena
2016-11-28 06:53:49 : Enter Brawl
2016-11-28 07:18:58 : Finish Brawl
2016-11-28 07:19:18 : Start game
2016-11-28 07:20:48 : Start game
2016-11-28 07:20:48 : Close ads
2016-11-28 07:20:49 : Idle off
2016-11-28 07:20:50 : Go Challenger
2016-11-28 07:20:51 : Go garena
2016-11-28 07:20:52 : Enter Duel
2016-11-28 07:27:11 : Finish Duel ---------------
2016-11-28 07:27:31 : Start game
2016-11-28 07:29:01 : Start game
2016-11-28 07:29:01 : Close ads
2016-11-28 07:29:02 : Idle off
2016-11-28 07:29:22 : Start game
2016-11-28 07:30:52 : Start game
2016-11-28 07:30:53 : Close ads
2016-11-28 07:30:54 : Idle off
2016-11-28 07:30:55 : Go Challenger
2016-11-28 07:30:56 : Go garena
2016-11-28 07:30:57 : Enter Brawl
2016-11-28 07:56:07 : Finish Brawl
2016-11-28 07:56:27 : Start game
2016-11-28 07:57:57 : Start game
2016-11-28 07:57:57 : Close ads
2016-11-28 07:57:58 : Idle off
2016-11-28 07:57:59 : Go Challenger
2016-11-28 07:58:00 : Go garena
2016-11-28 07:58:01 : Enter Duel
2016-11-28 08:04:17 : Finish Duel ---------------
2016-11-28 08:04:37 : Start game
2016-11-28 08:06:07 : Start game
2016-11-28 08:06:07 : Close ads
2016-11-28 08:06:08 : Idle off
2016-11-28 08:06:28 : Start game
2016-11-28 08:07:58 : Start game
2016-11-28 08:07:59 : Close ads
2016-11-28 08:08:00 : Idle off
2016-11-28 08:08:01 : Go Challenger
2016-11-28 08:08:02 : Go garena
2016-11-28 08:08:03 : Enter Brawl
2016-11-28 08:33:22 : Finish Brawl
2016-11-28 08:33:42 : Start game
2016-11-28 08:35:12 : Start game
2016-11-28 08:35:13 : Close ads
2016-11-28 08:35:14 : Idle off
2016-11-28 08:35:15 : Go Challenger
2016-11-28 08:35:16 : Go garena
2016-11-28 08:35:17 : Enter Duel
2016-11-28 08:41:34 : Finish Duel ---------------
2016-11-28 08:41:54 : Start game
2016-11-28 08:43:24 : Start game
2016-11-28 08:43:25 : Close ads
2016-11-28 08:43:26 : Idle off
2016-11-28 08:43:46 : Start game
2016-11-28 08:45:16 : Start game
2016-11-28 08:45:16 : Close ads
2016-11-28 08:45:17 : Idle off
2016-11-28 08:45:18 : Go Challenger
2016-11-28 08:45:19 : Go garena
2016-11-28 08:45:20 : Enter Brawl
2016-11-28 09:10:41 : Finish Brawl
2016-11-28 09:11:01 : Start game
2016-11-28 09:12:31 : Start game
2016-11-28 09:12:32 : Close ads
2016-11-28 09:12:33 : Idle off
2016-11-28 09:12:34 : Go Challenger
2016-11-28 09:12:35 : Go garena
2016-11-28 09:12:36 : Enter Duel
2016-11-28 09:18:53 : Finish Duel ---------------
2016-11-28 09:19:13 : Start game
2016-11-28 09:20:43 : Start game
2016-11-28 09:20:43 : Close ads
2016-11-28 09:20:44 : Idle off
2016-11-28 09:21:04 : Start game
2016-11-28 09:22:34 : Start game
2016-11-28 09:22:35 : Close ads
2016-11-28 09:22:36 : Idle off
2016-11-28 09:22:37 : Go Challenger
2016-11-28 09:22:38 : Go garena
2016-11-28 09:22:39 : Enter Brawl
2016-11-28 09:47:59 : Finish Brawl
2016-11-28 09:48:19 : Start game
2016-11-28 09:49:49 : Start game
2016-11-28 09:49:50 : Close ads
2016-11-28 09:49:51 : Idle off
2016-11-28 09:49:52 : Go Challenger
2016-11-28 09:49:53 : Go garena
2016-11-28 09:49:54 : Enter Duel
2016-11-28 09:56:11 : Finish Duel ---------------
2016-11-28 09:56:31 : Start game
2016-11-28 09:58:01 : Start game
2016-11-28 09:58:02 : Close ads
2016-11-28 09:58:03 : Idle off
2016-11-28 09:58:23 : Start game
2016-11-28 09:59:53 : Start game
2016-11-28 09:59:53 : Close ads
2016-11-28 09:59:54 : Idle off
2016-11-28 09:59:55 : Go Challenger
2016-11-28 09:59:56 : Go garena
2016-11-28 09:59:57 : Enter Brawl
2016-11-28 10:25:04 : Finish Brawl
2016-11-28 10:25:24 : Start game
2016-11-28 10:26:54 : Start game
2016-11-28 10:26:55 : Close ads
2016-11-28 10:26:56 : Idle off
2016-11-28 10:26:57 : Go Challenger
2016-11-28 10:26:58 : Go garena
2016-11-28 10:26:59 : Enter Duel
2016-11-28 10:33:16 : Finish Duel ---------------
2016-11-28 10:33:36 : Start game
2016-11-28 10:35:06 : Start game
2016-11-28 10:35:07 : Close ads
2016-11-28 10:35:08 : Idle off
2016-11-28 10:35:28 : Start game
2016-11-28 10:36:58 : Start game
2016-11-28 10:36:58 : Close ads
2016-11-28 10:36:59 : Idle off
2016-11-28 10:37:00 : Go Challenger
2016-11-28 10:37:01 : Go garena
2016-11-28 10:37:02 : Enter Brawl
2016-11-28 11:02:22 : Finish Brawl
2016-11-28 11:02:42 : Start game
2016-11-28 11:04:12 : Start game
2016-11-28 11:04:13 : Close ads
2016-11-28 11:04:14 : Idle off
2016-11-28 11:04:15 : Go Challenger
2016-11-28 11:04:16 : Go garena
2016-11-28 11:04:17 : Enter Duel
2016-11-28 11:10:34 : Finish Duel ---------------
2016-11-28 11:10:54 : Start game
2016-11-28 11:12:24 : Start game
2016-11-28 11:12:25 : Close ads
2016-11-28 11:12:26 : Idle off
2016-11-28 11:12:46 : Start game
2016-11-28 11:14:16 : Start game
2016-11-28 11:14:16 : Close ads
2016-11-28 11:14:17 : Idle off
2016-11-28 11:14:18 : Go Challenger
2016-11-28 11:14:19 : Go garena
2016-11-28 11:14:20 : Enter Brawl
2016-11-28 11:39:40 : Finish Brawl
2016-11-28 11:40:00 : Start game
2016-11-28 11:41:30 : Start game
2016-11-28 11:41:30 : Close ads
2016-11-28 11:41:31 : Idle off
2016-11-28 11:41:32 : Go Challenger
2016-11-28 11:41:33 : Go garena
2016-11-28 11:41:34 : Enter Duel
2016-11-28 11:47:52 : Finish Duel ---------------
2016-11-28 11:48:12 : Start game
2016-11-28 11:49:42 : Start game
2016-11-28 11:49:43 : Close ads
2016-11-28 11:49:44 : Idle off
2016-11-28 11:50:04 : Start game
2016-11-28 11:51:34 : Start game
2016-11-28 11:51:34 : Close ads
2016-11-28 11:51:35 : Idle off
2016-11-28 11:51:36 : Go Challenger
2016-11-28 11:51:37 : Go garena
2016-11-28 11:51:38 : Enter Brawl
2016-11-28 12:16:52 : Finish Brawl
2016-11-28 12:17:12 : Start game
2016-11-28 12:18:42 : Start game
2016-11-28 12:18:42 : Close ads
2016-11-28 12:18:43 : Idle off
2016-11-28 12:18:44 : Go Challenger
2016-11-28 12:18:45 : Go garena
2016-11-28 12:18:46 : Enter Duel
2016-11-28 12:25:05 : Finish Duel ---------------
2016-11-28 12:25:25 : Start game
2016-11-28 12:26:55 : Start game
2016-11-28 12:26:56 : Close ads
2016-11-28 12:26:57 : Idle off
2016-11-28 12:27:17 : Start game
2016-11-28 12:28:47 : Start game
2016-11-28 12:28:47 : Close ads
2016-11-28 12:28:48 : Idle off
2016-11-28 12:28:49 : Go Challenger
2016-11-28 12:28:50 : Go garena
2016-11-28 12:28:51 : Enter Brawl
2016-11-28 12:54:11 : Finish Brawl
2016-11-28 12:54:31 : Start game
2016-11-28 12:56:01 : Start game
2016-11-28 12:56:02 : Close ads
2016-11-28 12:56:03 : Idle off
2016-11-28 12:56:04 : Go Challenger
2016-11-28 12:56:05 : Go garena
2016-11-28 12:56:06 : Enter Duel
2016-11-28 13:02:23 : Finish Duel ---------------
2016-11-28 13:02:43 : Start game
2016-11-28 13:04:13 : Start game
2016-11-28 13:04:14 : Close ads
2016-11-28 13:04:15 : Idle off
2016-11-28 13:04:35 : Start game
2016-11-28 13:06:05 : Start game
2016-11-28 13:06:06 : Close ads
2016-11-28 13:06:07 : Idle off
2016-11-28 13:06:08 : Go Challenger
2016-11-28 13:06:09 : Go garena
2016-11-28 13:06:10 : Enter Brawl
2016-11-28 13:31:30 : Finish Brawl
2016-11-28 13:31:50 : Start game
2016-11-28 13:33:20 : Start game
2016-11-28 13:33:21 : Close ads
2016-11-28 13:33:22 : Idle off
2016-11-28 13:33:23 : Go Challenger
2016-11-28 13:33:24 : Go garena
2016-11-28 13:33:25 : Enter Duel
2016-11-28 13:39:44 : Finish Duel ---------------
2016-11-28 13:40:04 : Start game
2016-11-28 13:41:34 : Start game
2016-11-28 13:41:35 : Close ads
2016-11-28 13:41:36 : Idle off
2016-11-28 13:41:56 : Start game
2016-11-28 13:43:26 : Start game
2016-11-28 13:43:26 : Close ads
2016-11-28 13:43:27 : Idle off
2016-11-28 13:43:28 : Go Challenger
2016-11-28 13:43:29 : Go garena
2016-11-28 13:43:30 : Enter Brawl
2016-11-28 14:08:51 : Finish Brawl
2016-11-28 14:09:11 : Start game
2016-11-28 14:10:41 : Start game
2016-11-28 14:10:42 : Close ads
2016-11-28 14:10:43 : Idle off
2016-11-28 14:10:44 : Go Challenger
2016-11-28 14:10:45 : Go garena
2016-11-28 14:10:46 : Enter Duel
2016-11-28 14:17:04 : Finish Duel ---------------
2016-11-28 14:17:24 : Start game
2016-11-28 14:18:54 : Start game
2016-11-28 14:18:55 : Close ads
2016-11-28 14:18:56 : Idle off
2016-11-28 14:19:16 : Start game
2016-11-28 14:20:46 : Start game
2016-11-28 14:20:46 : Close ads
2016-11-28 14:20:47 : Idle off
2016-11-28 14:20:49 : Go Challenger
2016-11-28 14:20:50 : Go garena
2016-11-28 14:20:51 : Enter Brawl
2016-11-28 14:46:34 : Finish Brawl
2016-11-28 14:46:54 : Start game
2016-11-28 14:48:24 : Start game
2016-11-28 14:48:24 : Close ads
2016-11-28 14:48:25 : Idle off
2016-11-28 14:48:26 : Go Challenger
2016-11-28 14:48:27 : Go garena
2016-11-28 14:48:28 : Enter Duel
2016-11-28 15:11:38 : Finish Duel ---------------
2016-11-28 15:11:58 : Start game
2016-11-28 15:13:28 : Start game
2016-11-28 15:13:29 : Close ads
2016-11-28 15:13:30 : Idle off
2016-11-28 15:13:50 : Start game
2016-11-28 15:15:20 : Start game
2016-11-28 15:15:20 : Close ads
2016-11-28 15:15:21 : Idle off
2016-11-28 15:15:22 : Go Challenger
2016-11-28 15:15:23 : Go garena
2016-11-28 15:15:24 : Enter Brawl
2016-11-28 15:40:46 : Finish Brawl
2016-11-28 15:41:06 : Start game
2016-11-28 15:42:36 : Start game
2016-11-28 15:42:36 : Close ads
2016-11-28 15:42:37 : Idle off
2016-11-28 15:42:38 : Go Challenger
2016-11-28 15:42:39 : Go garena
2016-11-28 15:42:40 : Enter Duel
2016-11-28 15:48:59 : Finish Duel ---------------
2016-11-28 15:49:19 : Start game
2016-11-28 15:50:49 : Start game
2016-11-28 15:50:49 : Close ads
2016-11-28 15:50:50 : Idle off
2016-11-28 15:51:10 : Start game
2016-11-28 15:52:40 : Start game
2016-11-28 15:52:41 : Close ads
2016-11-28 15:52:42 : Idle off
2016-11-28 15:52:43 : Go Challenger
2016-11-28 15:52:44 : Go garena
2016-11-28 15:52:45 : Enter Brawl
2016-11-28 16:18:07 : Finish Brawl
2016-11-28 16:18:27 : Start game
2016-11-28 16:19:57 : Start game
2016-11-28 16:19:58 : Close ads
2016-11-28 16:19:59 : Idle off
2016-11-28 16:20:00 : Go Challenger
2016-11-28 16:20:01 : Go garena
2016-11-28 16:20:02 : Enter Duel
2016-11-28 16:26:21 : Finish Duel ---------------
2016-11-28 16:26:41 : Start game
2016-11-28 16:28:11 : Start game
2016-11-28 16:28:11 : Close ads
2016-11-28 16:28:12 : Idle off
2016-11-28 16:28:32 : Start game
2016-11-28 16:30:02 : Start game
2016-11-28 16:30:03 : Close ads
2016-11-28 16:30:04 : Idle off
2016-11-28 16:30:05 : Go Challenger
2016-11-28 16:30:06 : Go garena
2016-11-28 16:30:07 : Enter Brawl
2016-11-28 16:55:29 : Finish Brawl
2016-11-28 16:55:49 : Start game
2016-11-28 16:57:19 : Start game
2016-11-28 16:57:19 : Close ads
2016-11-28 16:57:20 : Idle off
2016-11-28 16:57:21 : Go Challenger
2016-11-28 16:57:22 : Go garena
2016-11-28 16:57:23 : Enter Duel
2016-11-28 17:03:42 : Finish Duel ---------------
2016-11-28 17:04:02 : Start game
2016-11-28 17:05:32 : Start game
2016-11-28 17:05:32 : Close ads
2016-11-28 17:05:33 : Idle off
2016-11-28 17:05:53 : Start game
2016-11-28 17:07:23 : Start game
2016-11-28 17:07:24 : Close ads
2016-11-28 17:07:25 : Idle off
2016-11-28 17:07:26 : Go Challenger
2016-11-28 17:07:27 : Go garena
2016-11-28 17:07:28 : Enter Brawl
2016-11-28 17:32:48 : Finish Brawl
2016-11-28 17:33:08 : Start game
2016-11-28 17:34:38 : Start game
2016-11-28 17:34:39 : Close ads
2016-11-28 17:34:40 : Idle off
2016-11-28 17:34:41 : Go Challenger
2016-11-28 17:34:42 : Go garena
2016-11-28 17:34:43 : Enter Duel
2016-11-28 17:41:00 : Finish Duel ---------------
2016-11-28 17:41:20 : Start game
2016-11-28 17:42:50 : Start game
2016-11-28 17:42:51 : Close ads
2016-11-28 17:42:52 : Idle off
2016-11-28 17:43:12 : Start game
2016-11-28 17:44:42 : Start game
2016-11-28 17:44:42 : Close ads
2016-11-28 17:44:43 : Idle off
2016-11-28 17:44:44 : Go Challenger
2016-11-28 17:44:45 : Go garena
2016-11-28 17:44:47 : Enter Brawl
2016-11-28 18:10:08 : Finish Brawl
2016-11-28 18:10:28 : Start game
2016-11-28 18:11:58 : Start game
2016-11-28 18:11:58 : Close ads
2016-11-28 18:11:59 : Idle off
2016-11-28 18:12:00 : Go Challenger
2016-11-28 18:12:01 : Go garena
2016-11-28 18:12:02 : Enter Duel
2016-11-28 18:18:22 : Finish Duel ---------------
2016-11-28 18:18:42 : Start game
2016-11-28 18:20:12 : Start game
2016-11-28 18:20:13 : Close ads
2016-11-28 18:20:14 : Idle off
2016-11-28 18:20:34 : Start game
2016-11-28 18:22:04 : Start game
2016-11-28 18:22:04 : Close ads
2016-11-28 18:22:05 : Idle off
2016-11-28 18:22:06 : Go Challenger
2016-11-28 18:22:07 : Go garena
2016-11-28 18:22:08 : Enter Brawl
2016-11-28 18:47:30 : Finish Brawl
2016-11-28 18:47:50 : Start game
2016-11-28 18:49:20 : Start game
2016-11-28 18:49:20 : Close ads
2016-11-28 18:49:21 : Idle off
2016-11-28 18:49:22 : Go Challenger
2016-11-28 18:49:23 : Go garena
2016-11-28 18:49:24 : Enter Duel
2016-11-28 18:55:43 : Finish Duel ---------------
2016-11-28 18:56:03 : Start game
2016-11-28 18:57:33 : Start game
2016-11-28 18:57:33 : Close ads
2016-11-28 18:57:34 : Idle off
2016-11-28 18:57:54 : Start game
2016-11-28 18:59:24 : Start game
2016-11-28 18:59:25 : Close ads
2016-11-28 18:59:26 : Idle off
2016-11-28 18:59:27 : Go Challenger
2016-11-28 18:59:28 : Go garena
2016-11-28 18:59:29 : Enter Brawl
2016-11-28 19:24:53 : Finish Brawl
2016-11-28 19:25:13 : Start game
2016-11-28 19:26:43 : Start game
2016-11-28 19:26:43 : Close ads
2016-11-28 19:26:44 : Idle off
2016-11-28 19:26:45 : Go Challenger
2016-11-28 19:26:46 : Go garena
2016-11-28 19:26:47 : Enter Duel
2016-11-28 19:33:07 : Finish Duel ---------------
2016-11-28 19:33:27 : Start game
2016-11-28 19:34:57 : Start game
2016-11-28 19:34:57 : Close ads
2016-11-28 19:34:58 : Idle off
2016-11-28 19:35:18 : Start game
2016-11-28 19:36:48 : Start game
2016-11-28 19:36:49 : Close ads
2016-11-28 19:36:50 : Idle off
2016-11-28 19:36:51 : Go Challenger
2016-11-28 19:36:52 : Go garena
2016-11-28 19:36:53 : Enter Brawl
2016-11-28 20:02:14 : Finish Brawl
2016-11-28 20:02:34 : Start game
2016-11-28 20:04:04 : Start game
2016-11-28 20:04:04 : Close ads
2016-11-28 20:04:05 : Idle off
2016-11-28 20:04:06 : Go Challenger
2016-11-28 20:04:07 : Go garena
2016-11-28 20:04:08 : Enter Duel
2016-11-28 20:10:28 : Finish Duel ---------------
2016-11-28 20:10:48 : Start game
2016-11-28 20:12:18 : Start game
2016-11-28 20:12:19 : Close ads
2016-11-28 20:12:20 : Idle off
2016-11-28 20:12:40 : Start game
2016-11-28 20:14:10 : Start game
2016-11-28 20:14:10 : Close ads
2016-11-28 20:14:11 : Idle off
2016-11-28 20:14:12 : Go Challenger
2016-11-28 20:14:13 : Go garena
2016-11-28 20:14:14 : Enter Brawl
