2016-11-28 23:40:30 : Start game
2016-11-28 23:42:00 : Start game
2016-11-28 23:42:00 : Close ads
2016-11-28 23:42:01 : Idle off
2016-11-28 23:42:02 : Go Challenger
2016-11-28 23:42:03 : Go garena
2016-11-28 23:42:04 : Enter Duel
2016-11-29 01:49:26 :  play to end gem --- Duel 
2016-11-29 01:49:46 : Start game
2016-11-29 01:51:16 : Start game
2016-11-29 01:51:16 : Close ads
2016-11-29 01:51:17 : Idle off
2016-11-29 01:51:18 : Go Challenger
2016-11-29 01:51:19 : Go Sanctuaries
2016-11-29 01:51:20 : Go Sanctuaries Of Blood
2016-11-29 01:56:23 : Go Sanctuaries ---- Finish
2016-11-29 01:56:43 : Start game
2016-11-29 01:58:13 : Start game
2016-11-29 01:58:13 : Close ads
2016-11-29 01:58:14 : Idle off
2016-11-29 01:58:15 : Go Challenger
2016-11-29 01:58:16 : Go garena
2016-11-29 01:58:17 : Enter Duel
2016-11-29 02:04:41 : Finish Duel ---------------
2016-11-29 02:05:01 : Start game
2016-11-29 02:06:31 : Start game
2016-11-29 02:06:31 : Close ads
2016-11-29 02:06:32 : Idle off
2016-11-29 02:06:52 : Start game
2016-11-29 02:08:22 : Start game
2016-11-29 02:08:23 : Close ads
2016-11-29 02:08:24 : Idle off
2016-11-29 02:08:25 : Go Challenger
2016-11-29 02:08:26 : Go garena
2016-11-29 02:08:27 : Enter Brawl
2016-11-29 02:33:38 : Finish Brawl
2016-11-29 02:33:58 : Start game
2016-11-29 02:35:28 : Start game
2016-11-29 02:35:29 : Close ads
2016-11-29 02:35:30 : Idle off
2016-11-29 02:35:31 : Go Challenger
2016-11-29 02:35:32 : Go garena
2016-11-29 02:35:33 : Enter Duel
2016-11-29 02:41:57 : Finish Duel ---------------
2016-11-29 02:42:17 : Start game
2016-11-29 02:43:47 : Start game
2016-11-29 02:43:48 : Close ads
2016-11-29 02:43:49 : Idle off
2016-11-29 02:44:09 : Start game
2016-11-29 02:45:39 : Start game
2016-11-29 02:45:39 : Close ads
2016-11-29 02:45:40 : Idle off
2016-11-29 02:45:41 : Go Challenger
2016-11-29 02:45:42 : Go garena
2016-11-29 02:45:43 : Enter Brawl
2016-11-29 03:10:55 : Finish Brawl
2016-11-29 03:11:15 : Start game
2016-11-29 03:12:45 : Start game
2016-11-29 03:12:46 : Close ads
2016-11-29 03:12:47 : Idle off
2016-11-29 03:12:48 : Go Challenger
2016-11-29 03:12:49 : Go garena
2016-11-29 03:12:50 : Enter Duel
2016-11-29 03:19:13 : Finish Duel ---------------
2016-11-29 03:19:33 : Start game
2016-11-29 03:21:03 : Start game
2016-11-29 03:21:04 : Close ads
2016-11-29 03:21:05 : Idle off
2016-11-29 03:21:25 : Start game
2016-11-29 03:22:55 : Start game
2016-11-29 03:22:55 : Close ads
2016-11-29 03:22:56 : Idle off
2016-11-29 03:22:57 : Go Challenger
2016-11-29 03:22:58 : Go garena
2016-11-29 03:22:59 : Enter Brawl
2016-11-29 03:48:15 : Finish Brawl
2016-11-29 03:48:35 : Start game
2016-11-29 03:50:05 : Start game
2016-11-29 03:50:05 : Close ads
2016-11-29 03:50:06 : Idle off
2016-11-29 03:50:07 : Go Challenger
2016-11-29 03:50:08 : Go garena
2016-11-29 03:50:09 : Enter Duel
2016-11-29 03:56:34 : Finish Duel ---------------
2016-11-29 03:56:54 : Start game
2016-11-29 03:58:24 : Start game
2016-11-29 03:58:24 : Close ads
2016-11-29 03:58:25 : Idle off
2016-11-29 03:58:45 : Start game
2016-11-29 04:00:15 : Start game
2016-11-29 04:00:16 : Close ads
2016-11-29 04:00:17 : Idle off
2016-11-29 04:00:18 : Go Challenger
2016-11-29 04:00:19 : Go garena
2016-11-29 04:00:20 : Enter Brawl
2016-11-29 04:25:32 : Finish Brawl
2016-11-29 04:25:52 : Start game
2016-11-29 04:27:22 : Start game
2016-11-29 04:27:23 : Close ads
2016-11-29 04:27:24 : Idle off
2016-11-29 04:27:25 : Go Challenger
2016-11-29 04:27:26 : Go garena
2016-11-29 04:27:27 : Enter Duel
2016-11-29 04:33:53 : Finish Duel ---------------
2016-11-29 04:34:13 : Start game
2016-11-29 04:35:43 : Start game
2016-11-29 04:35:43 : Close ads
2016-11-29 04:35:44 : Idle off
2016-11-29 04:36:04 : Start game
2016-11-29 04:37:34 : Start game
2016-11-29 04:37:35 : Close ads
2016-11-29 04:37:36 : Idle off
2016-11-29 04:37:37 : Go Challenger
2016-11-29 04:37:38 : Go garena
2016-11-29 04:37:39 : Enter Brawl
2016-11-29 05:02:50 : Finish Brawl
2016-11-29 05:03:10 : Start game
2016-11-29 05:04:40 : Start game
2016-11-29 05:04:40 : Close ads
2016-11-29 05:04:41 : Idle off
2016-11-29 05:04:42 : Go Challenger
2016-11-29 05:04:43 : Go garena
2016-11-29 05:04:44 : Enter Duel
2016-11-29 05:11:09 : Finish Duel ---------------
2016-11-29 05:11:29 : Start game
2016-11-29 05:12:59 : Start game
2016-11-29 05:12:59 : Close ads
2016-11-29 05:13:00 : Idle off
2016-11-29 05:13:20 : Start game
2016-11-29 05:14:50 : Start game
2016-11-29 05:14:51 : Close ads
2016-11-29 05:14:52 : Idle off
2016-11-29 05:14:53 : Go Challenger
2016-11-29 05:14:54 : Go garena
2016-11-29 05:14:55 : Enter Brawl
2016-11-29 05:40:07 : Finish Brawl
2016-11-29 05:40:27 : Start game
2016-11-29 05:41:57 : Start game
2016-11-29 05:41:57 : Close ads
2016-11-29 05:41:58 : Idle off
2016-11-29 05:41:59 : Go Challenger
2016-11-29 05:42:00 : Go garena
2016-11-29 05:42:01 : Enter Duel
2016-11-29 05:48:23 : Finish Duel ---------------
2016-11-29 05:48:43 : Start game
2016-11-29 05:50:13 : Start game
2016-11-29 05:50:13 : Close ads
2016-11-29 05:50:14 : Idle off
2016-11-29 05:50:34 : Start game
2016-11-29 05:52:04 : Start game
2016-11-29 05:52:05 : Close ads
2016-11-29 05:52:06 : Idle off
2016-11-29 05:52:07 : Go Challenger
2016-11-29 05:52:08 : Go garena
2016-11-29 05:52:09 : Enter Brawl
2016-11-29 06:17:19 : Finish Brawl
2016-11-29 06:17:39 : Start game
2016-11-29 06:19:09 : Start game
2016-11-29 06:19:09 : Close ads
2016-11-29 06:19:10 : Idle off
2016-11-29 06:19:11 : Go Challenger
2016-11-29 06:19:12 : Go garena
2016-11-29 06:19:13 : Enter Duel
2016-11-29 06:25:35 : Finish Duel ---------------
2016-11-29 06:25:55 : Start game
2016-11-29 06:27:25 : Start game
2016-11-29 06:27:25 : Close ads
2016-11-29 06:27:26 : Idle off
2016-11-29 06:27:46 : Start game
2016-11-29 06:29:16 : Start game
2016-11-29 06:29:17 : Close ads
2016-11-29 06:29:18 : Idle off
2016-11-29 06:29:19 : Go Challenger
2016-11-29 06:29:20 : Go garena
2016-11-29 06:29:21 : Enter Brawl
2016-11-29 06:54:33 : Finish Brawl
2016-11-29 06:54:53 : Start game
2016-11-29 06:56:23 : Start game
2016-11-29 06:56:23 : Close ads
2016-11-29 06:56:24 : Idle off
2016-11-29 06:56:25 : Go Challenger
2016-11-29 06:56:26 : Go garena
2016-11-29 06:56:27 : Enter Duel
2016-11-29 07:02:48 : Finish Duel ---------------
2016-11-29 07:03:08 : Start game
2016-11-29 07:04:38 : Start game
2016-11-29 07:04:39 : Close ads
2016-11-29 07:04:40 : Idle off
2016-11-29 07:05:00 : Start game
2016-11-29 07:06:30 : Start game
2016-11-29 07:06:30 : Close ads
2016-11-29 07:06:31 : Idle off
2016-11-29 07:06:32 : Go Challenger
2016-11-29 07:06:33 : Go garena
2016-11-29 07:06:34 : Enter Brawl
2016-11-29 07:31:45 : Finish Brawl
2016-11-29 07:32:05 : Start game
2016-11-29 07:33:35 : Start game
2016-11-29 07:33:35 : Close ads
2016-11-29 07:33:36 : Idle off
2016-11-29 07:33:37 : Go Challenger
2016-11-29 07:33:38 : Go garena
2016-11-29 07:33:39 : Enter Duel
2016-11-29 07:39:54 : Finish Duel ---------------
2016-11-29 07:40:14 : Start game
2016-11-29 07:41:44 : Start game
2016-11-29 07:41:45 : Close ads
2016-11-29 07:41:46 : Idle off
2016-11-29 07:42:06 : Start game
2016-11-29 07:43:36 : Start game
2016-11-29 07:43:36 : Close ads
2016-11-29 07:43:37 : Idle off
2016-11-29 07:43:38 : Go Challenger
2016-11-29 07:43:39 : Go garena
2016-11-29 07:43:40 : Enter Brawl
2016-11-29 08:08:43 : Finish Brawl
2016-11-29 08:09:03 : Start game
2016-11-29 08:10:33 : Start game
2016-11-29 08:10:34 : Close ads
2016-11-29 08:10:35 : Idle off
2016-11-29 08:10:36 : Go Challenger
2016-11-29 08:10:37 : Go garena
2016-11-29 08:10:38 : Enter Duel
2016-11-29 08:16:53 : Finish Duel ---------------
2016-11-29 08:17:13 : Start game
2016-11-29 08:18:43 : Start game
2016-11-29 08:18:43 : Close ads
2016-11-29 08:18:44 : Idle off
2016-11-29 08:19:04 : Start game
2016-11-29 08:20:34 : Start game
2016-11-29 08:20:35 : Close ads
2016-11-29 08:20:36 : Idle off
2016-11-29 08:20:37 : Go Challenger
2016-11-29 08:20:38 : Go garena
2016-11-29 08:20:39 : Enter Brawl
2016-11-29 08:48:05 : Finish Brawl
2016-11-29 08:48:25 : Start game
2016-11-29 08:49:55 : Start game
2016-11-29 08:49:56 : Close ads
2016-11-29 08:49:57 : Idle off
2016-11-29 08:49:58 : Go Challenger
2016-11-29 08:49:59 : Go garena
2016-11-29 08:50:00 : Enter Duel
2016-11-29 08:56:20 : Finish Duel ---------------
2016-11-29 08:56:40 : Start game
2016-11-29 08:58:10 : Start game
2016-11-29 08:58:11 : Close ads
2016-11-29 08:58:12 : Idle off
2016-11-29 08:58:32 : Start game
2016-11-29 09:00:02 : Start game
2016-11-29 09:00:02 : Close ads
2016-11-29 09:00:03 : Idle off
2016-11-29 09:00:04 : Go Challenger
2016-11-29 09:00:05 : Go garena
2016-11-29 09:00:06 : Enter Brawl
2016-11-29 09:25:27 : Finish Brawl
2016-11-29 09:25:47 : Start game
2016-11-29 09:27:17 : Start game
2016-11-29 09:27:17 : Close ads
2016-11-29 09:27:18 : Idle off
2016-11-29 09:27:19 : Go Challenger
2016-11-29 09:27:20 : Go garena
2016-11-29 09:27:21 : Enter Duel
2016-11-29 09:33:40 : Finish Duel ---------------
2016-11-29 09:34:00 : Start game
2016-11-29 09:35:30 : Start game
2016-11-29 09:35:30 : Close ads
2016-11-29 09:35:31 : Idle off
2016-11-29 09:35:51 : Start game
2016-11-29 09:37:21 : Start game
2016-11-29 09:37:22 : Close ads
2016-11-29 09:37:23 : Idle off
2016-11-29 09:37:24 : Go Challenger
2016-11-29 09:37:25 : Go garena
2016-11-29 09:37:26 : Enter Brawl
2016-11-29 10:02:47 : Finish Brawl
2016-11-29 10:03:07 : Start game
2016-11-29 10:04:37 : Start game
2016-11-29 10:04:37 : Close ads
2016-11-29 10:04:38 : Idle off
2016-11-29 10:04:39 : Go Challenger
2016-11-29 10:04:40 : Go garena
2016-11-29 10:04:41 : Enter Duel
2016-11-29 10:10:59 : Finish Duel ---------------
2016-11-29 10:11:19 : Start game
2016-11-29 10:12:49 : Start game
2016-11-29 10:12:50 : Close ads
2016-11-29 10:12:51 : Idle off
2016-11-29 10:13:11 : Start game
2016-11-29 10:14:41 : Start game
2016-11-29 10:14:41 : Close ads
2016-11-29 10:14:42 : Idle off
2016-11-29 10:14:43 : Go Challenger
2016-11-29 10:14:44 : Go garena
2016-11-29 10:14:45 : Enter Brawl
2016-11-29 10:40:05 : Finish Brawl
2016-11-29 10:40:25 : Start game
2016-11-29 10:41:55 : Start game
2016-11-29 10:41:55 : Close ads
2016-11-29 10:41:56 : Idle off
2016-11-29 10:41:57 : Go Challenger
2016-11-29 10:41:58 : Go garena
2016-11-29 10:41:59 : Enter Duel
